2019-11-20 18:54:37,526 DEBUG uni_elastic_manager.Program - Iniciou os testes!
2019-11-20 18:54:40,473 DEBUG uni_elastic_manager.Program - Vai fazer a coleta...
2019-11-20 18:58:02,125 DEBUG uni_elastic_manager.Program - Iniciou os testes!
2019-11-20 18:58:05,161 DEBUG uni_elastic_manager.Program - Vai fazer a coleta...
2019-11-20 18:58:05,226 DEBUG uni_elastic_manager.Program - Coleta realizada...
2019-11-20 18:58:05,227 DEBUG uni_elastic_manager.Program - Avalia o resultado...
2019-11-20 18:58:20,229 DEBUG uni_elastic_manager.Program - Vai fazer a coleta...
2019-11-20 18:58:20,239 DEBUG uni_elastic_manager.Program - Coleta realizada...
2019-11-20 18:58:20,239 DEBUG uni_elastic_manager.Program - Avalia o resultado...
2019-11-20 18:58:35,241 DEBUG uni_elastic_manager.Program - Vai fazer a coleta...
2019-11-20 18:58:35,249 DEBUG uni_elastic_manager.Program - Coleta realizada...
2019-11-20 18:58:35,249 DEBUG uni_elastic_manager.Program - Avalia o resultado...
2019-11-20 18:58:50,252 DEBUG uni_elastic_manager.Program - Vai fazer a coleta...
2019-11-20 18:58:50,254 DEBUG uni_elastic_manager.Program - Coleta realizada...
2019-11-20 18:58:50,254 DEBUG uni_elastic_manager.Program - Avalia o resultado...
2019-11-20 18:59:05,257 DEBUG uni_elastic_manager.Program - Vai fazer a coleta...
2019-11-20 18:59:05,261 DEBUG uni_elastic_manager.Program - Coleta realizada...
2019-11-20 18:59:05,261 DEBUG uni_elastic_manager.Program - Avalia o resultado...
2019-11-20 18:59:20,263 DEBUG uni_elastic_manager.Program - Vai fazer a coleta...
2019-11-20 18:59:20,266 DEBUG uni_elastic_manager.Program - Coleta realizada...
2019-11-20 18:59:20,266 DEBUG uni_elastic_manager.Program - Avalia o resultado...
2019-11-20 18:59:35,273 DEBUG uni_elastic_manager.Program - Vai fazer a coleta...
2019-11-20 18:59:35,274 DEBUG uni_elastic_manager.Program - Coleta realizada...
2019-11-20 18:59:35,313 DEBUG uni_elastic_manager.Program - fit=arima(y, c(1,0,2), method="ML")
2019-11-20 18:59:35,471 DEBUG uni_elastic_manager.Program - Valor predito: 126,786386836586
2019-11-20 18:59:35,471 DEBUG uni_elastic_manager.Program - Avalia o resultado...
2019-11-20 18:59:35,471 DEBUG uni_elastic_manager.Program - Adiciona recurso...
2019-11-20 18:59:50,490 DEBUG uni_elastic_manager.Program - Vai fazer a coleta...
2019-11-20 18:59:50,493 DEBUG uni_elastic_manager.Program - Coleta realizada...
2019-11-20 18:59:50,509 DEBUG uni_elastic_manager.Program - fit=arima(y, c(1,0,2), method="ML")
2019-11-20 18:59:50,515 DEBUG uni_elastic_manager.Program - Valor predito: 131,619221909291
2019-11-20 18:59:50,515 DEBUG uni_elastic_manager.Program - Avalia o resultado...
2019-11-20 18:59:50,515 DEBUG uni_elastic_manager.Program - Adiciona recurso...
2019-11-20 19:00:05,519 DEBUG uni_elastic_manager.Program - Vai fazer a coleta...
2019-11-20 19:00:05,521 DEBUG uni_elastic_manager.Program - Coleta realizada...
2019-11-20 19:00:05,534 DEBUG uni_elastic_manager.Program - fit=arima(y, c(1,0,2), method="ML")
2019-11-20 19:00:05,540 DEBUG uni_elastic_manager.Program - Valor predito: 132,545427530794
2019-11-20 19:00:05,540 DEBUG uni_elastic_manager.Program - Avalia o resultado...
2019-11-20 19:00:05,540 DEBUG uni_elastic_manager.Program - Adiciona recurso...
2019-11-20 19:00:20,553 DEBUG uni_elastic_manager.Program - Vai fazer a coleta...
2019-11-20 19:00:20,566 DEBUG uni_elastic_manager.Program - Coleta realizada...
2019-11-20 19:00:20,596 DEBUG uni_elastic_manager.Program - fit=arima(y, c(1,0,2), method="ML")
2019-11-20 19:00:20,604 DEBUG uni_elastic_manager.Program - Valor predito: 134,244547542025
2019-11-20 19:00:20,604 DEBUG uni_elastic_manager.Program - Avalia o resultado...
2019-11-20 19:00:20,605 DEBUG uni_elastic_manager.Program - Adiciona recurso...
2019-11-20 19:00:35,625 DEBUG uni_elastic_manager.Program - Vai fazer a coleta...
2019-11-20 19:00:35,629 DEBUG uni_elastic_manager.Program - Coleta realizada...
2019-11-20 19:00:35,660 DEBUG uni_elastic_manager.Program - fit=arima(y, c(1,0,2), method="ML")
2019-11-20 19:00:35,675 DEBUG uni_elastic_manager.Program - Valor predito: 128,924589329773
2019-11-20 19:00:35,676 DEBUG uni_elastic_manager.Program - Avalia o resultado...
2019-11-20 19:00:35,676 DEBUG uni_elastic_manager.Program - Adiciona recurso...
2019-11-20 19:00:50,691 DEBUG uni_elastic_manager.Program - Vai fazer a coleta...
2019-11-20 19:00:50,718 DEBUG uni_elastic_manager.Program - Coleta realizada...
2019-11-20 19:00:50,821 DEBUG uni_elastic_manager.Program - fit=arima(y, c(1,0,2), method="ML")
2019-11-20 19:00:50,830 DEBUG uni_elastic_manager.Program - Valor predito: 124,109470277201
2019-11-20 19:00:50,830 DEBUG uni_elastic_manager.Program - Avalia o resultado...
2019-11-20 19:00:50,830 DEBUG uni_elastic_manager.Program - Adiciona recurso...
2019-11-20 19:01:05,846 DEBUG uni_elastic_manager.Program - Vai fazer a coleta...
2019-11-20 19:01:05,854 DEBUG uni_elastic_manager.Program - Coleta realizada...
2019-11-20 19:01:05,886 DEBUG uni_elastic_manager.Program - fit=arima(y, c(1,0,2), method="ML")
2019-11-20 19:01:05,904 DEBUG uni_elastic_manager.Program - Valor predito: 107,62378101397
2019-11-20 19:01:05,904 DEBUG uni_elastic_manager.Program - Avalia o resultado...
2019-11-20 19:01:05,904 DEBUG uni_elastic_manager.Program - Adiciona recurso...
2019-11-20 19:01:20,910 DEBUG uni_elastic_manager.Program - Vai fazer a coleta...
2019-11-20 19:01:20,915 DEBUG uni_elastic_manager.Program - Coleta realizada...
2019-11-20 19:01:20,938 DEBUG uni_elastic_manager.Program - fit=arima(y, c(1,0,2), method="ML")
2019-11-20 19:01:20,951 DEBUG uni_elastic_manager.Program - Valor predito: 103,535170837183
2019-11-20 19:01:20,951 DEBUG uni_elastic_manager.Program - Avalia o resultado...
2019-11-20 19:01:20,951 DEBUG uni_elastic_manager.Program - Adiciona recurso...
2019-11-20 19:01:35,972 DEBUG uni_elastic_manager.Program - Vai fazer a coleta...
2019-11-20 19:01:35,994 DEBUG uni_elastic_manager.Program - Coleta realizada...
2019-11-20 19:01:36,020 DEBUG uni_elastic_manager.Program - fit=arima(y, c(1,0,2), method="ML")
2019-11-20 19:01:36,027 DEBUG uni_elastic_manager.Program - Valor predito: 100,171310716225
2019-11-20 19:01:36,027 DEBUG uni_elastic_manager.Program - Avalia o resultado...
2019-11-20 19:01:36,027 DEBUG uni_elastic_manager.Program - Adiciona recurso...
2019-11-20 19:01:51,040 DEBUG uni_elastic_manager.Program - Vai fazer a coleta...
2019-11-20 19:01:51,054 DEBUG uni_elastic_manager.Program - Coleta realizada...
2019-11-20 19:01:51,074 DEBUG uni_elastic_manager.Program - fit=arima(y, c(1,0,2), method="ML")
2019-11-20 19:01:51,089 DEBUG uni_elastic_manager.Program - Valor predito: 98,4966427761783
2019-11-20 19:01:51,089 DEBUG uni_elastic_manager.Program - Avalia o resultado...
2019-11-20 19:01:51,098 DEBUG uni_elastic_manager.Program - Adiciona recurso...
2019-11-20 19:02:06,108 DEBUG uni_elastic_manager.Program - Vai fazer a coleta...
2019-11-20 19:02:06,114 DEBUG uni_elastic_manager.Program - Coleta realizada...
2019-11-20 19:02:06,126 DEBUG uni_elastic_manager.Program - fit=arima(y, c(1,0,2), method="ML")
2019-11-20 19:02:06,133 DEBUG uni_elastic_manager.Program - Valor predito: 94,5675542247676
2019-11-20 19:02:06,133 DEBUG uni_elastic_manager.Program - Avalia o resultado...
2019-11-20 19:02:06,133 DEBUG uni_elastic_manager.Program - Adiciona recurso...
2019-11-20 19:02:21,144 DEBUG uni_elastic_manager.Program - Vai fazer a coleta...
2019-11-20 19:02:21,174 DEBUG uni_elastic_manager.Program - Coleta realizada...
2019-11-20 19:02:21,192 DEBUG uni_elastic_manager.Program - fit=arima(y, c(1,0,2), method="ML")
2019-11-20 19:02:21,207 DEBUG uni_elastic_manager.Program - Valor predito: 90,2628504327865
2019-11-20 19:02:21,207 DEBUG uni_elastic_manager.Program - Avalia o resultado...
2019-11-20 19:02:21,207 DEBUG uni_elastic_manager.Program - Adiciona recurso...
2019-11-20 19:02:36,215 DEBUG uni_elastic_manager.Program - Vai fazer a coleta...
2019-11-20 19:02:36,226 DEBUG uni_elastic_manager.Program - Coleta realizada...
2019-11-20 19:02:36,244 DEBUG uni_elastic_manager.Program - fit=arima(y, c(1,0,2), method="ML")
2019-11-20 19:02:36,256 DEBUG uni_elastic_manager.Program - Valor predito: 86,799810617246
2019-11-20 19:02:36,256 DEBUG uni_elastic_manager.Program - Avalia o resultado...
2019-11-20 19:02:36,256 DEBUG uni_elastic_manager.Program - Adiciona recurso...
2019-11-20 19:02:51,270 DEBUG uni_elastic_manager.Program - Vai fazer a coleta...
2019-11-20 19:02:51,290 DEBUG uni_elastic_manager.Program - Coleta realizada...
2019-11-20 19:02:51,305 DEBUG uni_elastic_manager.Program - fit=arima(y, c(1,0,2), method="ML")
2019-11-20 19:02:51,313 DEBUG uni_elastic_manager.Program - Valor predito: 83,9591198631441
2019-11-20 19:02:51,313 DEBUG uni_elastic_manager.Program - Avalia o resultado...
2019-11-20 19:02:51,313 DEBUG uni_elastic_manager.Program - Adiciona recurso...
2019-11-20 19:03:06,333 DEBUG uni_elastic_manager.Program - Vai fazer a coleta...
2019-11-20 19:03:06,354 DEBUG uni_elastic_manager.Program - Coleta realizada...
2019-11-20 19:03:06,371 DEBUG uni_elastic_manager.Program - fit=arima(y, c(1,0,2), method="ML")
2019-11-20 19:03:06,378 DEBUG uni_elastic_manager.Program - Valor predito: 80,9295700117964
2019-11-20 19:03:06,378 DEBUG uni_elastic_manager.Program - Avalia o resultado...
2019-11-20 19:03:06,378 DEBUG uni_elastic_manager.Program - Adiciona recurso...
2019-11-20 19:03:21,397 DEBUG uni_elastic_manager.Program - Vai fazer a coleta...
2019-11-20 19:03:21,465 DEBUG uni_elastic_manager.Program - Coleta realizada...
2019-11-20 19:03:21,490 DEBUG uni_elastic_manager.Program - fit=arima(y, c(1,0,2), method="ML")
2019-11-20 19:03:21,507 DEBUG uni_elastic_manager.Program - Valor predito: 77,9791454681745
2019-11-20 19:03:21,507 DEBUG uni_elastic_manager.Program - Avalia o resultado...
2019-11-20 19:03:36,521 DEBUG uni_elastic_manager.Program - Vai fazer a coleta...
2019-11-20 19:03:36,539 DEBUG uni_elastic_manager.Program - Coleta realizada...
2019-11-20 19:03:36,563 DEBUG uni_elastic_manager.Program - fit=arima(y, c(1,0,2), method="ML")
2019-11-20 19:03:36,575 DEBUG uni_elastic_manager.Program - Valor predito: 74,4333528682716
2019-11-20 19:03:36,575 DEBUG uni_elastic_manager.Program - Avalia o resultado...
2019-11-20 19:03:51,585 DEBUG uni_elastic_manager.Program - Vai fazer a coleta...
2019-11-20 19:03:51,625 DEBUG uni_elastic_manager.Program - Coleta realizada...
2019-11-20 19:03:51,644 DEBUG uni_elastic_manager.Program - fit=arima(y, c(1,0,2), method="ML")
2019-11-20 19:03:51,658 DEBUG uni_elastic_manager.Program - Valor predito: 71,6492479401367
2019-11-20 19:03:51,658 DEBUG uni_elastic_manager.Program - Avalia o resultado...
2019-11-20 19:04:06,668 DEBUG uni_elastic_manager.Program - Vai fazer a coleta...
2019-11-20 19:04:06,676 DEBUG uni_elastic_manager.Program - Coleta realizada...
2019-11-20 19:04:06,689 DEBUG uni_elastic_manager.Program - fit=arima(y, c(1,0,2), method="ML")
2019-11-20 19:04:06,701 DEBUG uni_elastic_manager.Program - Valor predito: 70,5649450252001
2019-11-20 19:04:06,701 DEBUG uni_elastic_manager.Program - Avalia o resultado...
2019-11-20 19:04:21,709 DEBUG uni_elastic_manager.Program - Vai fazer a coleta...
2019-11-20 19:04:21,724 DEBUG uni_elastic_manager.Program - Coleta realizada...
2019-11-20 19:04:21,743 DEBUG uni_elastic_manager.Program - fit=arima(y, c(1,0,2), method="ML")
2019-11-20 19:04:21,750 DEBUG uni_elastic_manager.Program - Valor predito: 69,2975150518032
2019-11-20 19:04:21,750 DEBUG uni_elastic_manager.Program - Avalia o resultado...
2019-11-20 19:04:36,759 DEBUG uni_elastic_manager.Program - Vai fazer a coleta...
2019-11-20 19:04:36,769 DEBUG uni_elastic_manager.Program - Coleta realizada...
2019-11-20 19:04:36,788 DEBUG uni_elastic_manager.Program - fit=arima(y, c(1,0,2), method="ML")
2019-11-20 19:04:36,800 DEBUG uni_elastic_manager.Program - Valor predito: 68,7696927115084
2019-11-20 19:04:36,800 DEBUG uni_elastic_manager.Program - Avalia o resultado...
2019-11-20 19:04:51,815 DEBUG uni_elastic_manager.Program - Vai fazer a coleta...
2019-11-20 19:04:51,834 DEBUG uni_elastic_manager.Program - Coleta realizada...
2019-11-20 19:04:51,866 DEBUG uni_elastic_manager.Program - fit=arima(y, c(1,0,2), method="ML")
2019-11-20 19:04:51,874 DEBUG uni_elastic_manager.Program - Valor predito: 66,5367351373855
2019-11-20 19:04:51,874 DEBUG uni_elastic_manager.Program - Avalia o resultado...
2019-11-20 19:05:06,881 DEBUG uni_elastic_manager.Program - Vai fazer a coleta...
2019-11-20 19:05:06,898 DEBUG uni_elastic_manager.Program - Coleta realizada...
2019-11-20 19:05:06,911 DEBUG uni_elastic_manager.Program - fit=arima(y, c(1,0,2), method="ML")
2019-11-20 19:05:06,923 DEBUG uni_elastic_manager.Program - Valor predito: 64,2547131286288
2019-11-20 19:05:06,923 DEBUG uni_elastic_manager.Program - Avalia o resultado...
2019-11-20 19:05:21,930 DEBUG uni_elastic_manager.Program - Vai fazer a coleta...
2019-11-20 19:05:22,015 DEBUG uni_elastic_manager.Program - Coleta realizada...
2019-11-20 19:05:22,031 DEBUG uni_elastic_manager.Program - fit=arima(y, c(1,0,2), method="ML")
2019-11-20 19:05:22,053 DEBUG uni_elastic_manager.Program - Valor predito: 63,4065100245021
2019-11-20 19:05:22,053 DEBUG uni_elastic_manager.Program - Avalia o resultado...
2019-11-20 19:05:37,061 DEBUG uni_elastic_manager.Program - Vai fazer a coleta...
2019-11-20 19:05:37,072 DEBUG uni_elastic_manager.Program - Coleta realizada...
2019-11-20 19:05:37,094 DEBUG uni_elastic_manager.Program - fit=arima(y, c(1,0,2), method="ML")
2019-11-20 19:05:37,109 DEBUG uni_elastic_manager.Program - Valor predito: 63,5627421777378
2019-11-20 19:05:37,109 DEBUG uni_elastic_manager.Program - Avalia o resultado...
2019-11-20 19:05:52,116 DEBUG uni_elastic_manager.Program - Vai fazer a coleta...
2019-11-20 19:05:52,129 DEBUG uni_elastic_manager.Program - Coleta realizada...
2019-11-20 19:05:52,151 DEBUG uni_elastic_manager.Program - fit=arima(y, c(1,0,2), method="ML")
2019-11-20 19:05:52,159 DEBUG uni_elastic_manager.Program - Valor predito: 62,2887501126953
2019-11-20 19:05:52,159 DEBUG uni_elastic_manager.Program - Avalia o resultado...
2019-11-20 19:06:07,167 DEBUG uni_elastic_manager.Program - Vai fazer a coleta...
2019-11-20 19:06:07,195 DEBUG uni_elastic_manager.Program - Coleta realizada...
2019-11-20 19:06:07,209 DEBUG uni_elastic_manager.Program - fit=arima(y, c(1,0,2), method="ML")
2019-11-20 19:06:07,216 DEBUG uni_elastic_manager.Program - Valor predito: 60,539237600404
2019-11-20 19:06:07,216 DEBUG uni_elastic_manager.Program - Avalia o resultado...
2019-11-20 19:06:22,226 DEBUG uni_elastic_manager.Program - Vai fazer a coleta...
2019-11-20 19:06:22,250 DEBUG uni_elastic_manager.Program - Coleta realizada...
2019-11-20 19:06:22,264 DEBUG uni_elastic_manager.Program - fit=arima(y, c(1,0,2), method="ML")
2019-11-20 19:06:22,270 DEBUG uni_elastic_manager.Program - Valor predito: 60,1245891075937
2019-11-20 19:06:22,270 DEBUG uni_elastic_manager.Program - Avalia o resultado...
2019-11-25 19:46:04,852 DEBUG uni_elastic_manager.Program - Iniciou os testes!
2019-11-25 19:47:44,767 DEBUG uni_elastic_manager.Program - Iniciou os testes!
2019-11-25 19:47:49,823 DEBUG uni_elastic_manager.Program - Vai fazer a coleta...
2019-11-25 19:47:49,903 DEBUG uni_elastic_manager.Program - Coleta realizada...
2019-11-25 19:47:49,905 DEBUG uni_elastic_manager.Program - Avalia o resultado...
2019-11-25 19:48:04,910 DEBUG uni_elastic_manager.Program - Vai fazer a coleta...
2019-11-25 19:48:04,915 DEBUG uni_elastic_manager.Program - Coleta realizada...
2019-11-25 19:48:04,915 DEBUG uni_elastic_manager.Program - Avalia o resultado...
